12-08-2022 15:08:42.40743 TestSandbox.Program TstGeneralStartHandler LOG Begin
12-08-2022 15:08:42.59862 TestSandbox.Handlers.GeneralStartHandler Run LOG Begin
#020ED339-6313-459A-900D-92F809CEBDC5>>12-08-2022 15:08:52.04201 SymOntoClay.Core.Internal.DataResolvers.LogicalSearchResolver EqualityCompare LOG expressionNode1 = Begin SymOntoClay.Core.Internal.CodeModel.LogicalQueryNode
    Kind = Concept
    KindOfOperator = Unknown
    Begin Name
        Begin SymOntoClay.Core.Internal.CodeModel.StrongIdentifierValue
            IsEmpty = False
            KindOfName = Concept
            NameValue = male
            NormalizedNameValue = male
            KindOfValue = StrongIdentifierValue
            HasModalitiesOrSections = False
            HasConditionalSections = False
            _longConditionalHashCode = 0
            _longHashCode = 18446744072134839084
            Begin WhereSection
            End WhereSection
            Annotations = NULL
        End SymOntoClay.Core.Internal.CodeModel.StrongIdentifierValue
    End Name
    Left = NULL
    Right = NULL
    ParamsList = NULL
    LinkedVars = NULL
    Value = NULL
    FuzzyLogicNonNumericSequenceValue = NULL
    Fact = NULL
    IsQuestion = False
    CountParams = 0
    VarsInfoList = NULL
    KnownInfoList = NULL
    IsKeyRef = True
    IsEntityRef = False
    TypeOfAccess = Unknown
    Holder = NULL
    HasModalitiesOrSections = False
    HasConditionalSections = False
    _longConditionalHashCode = 0
    _longHashCode = 18446744072134839084
    Begin WhereSection
    End WhereSection
    Annotations = NULL
End SymOntoClay.Core.Internal.CodeModel.LogicalQueryNode

#020ED339-6313-459A-900D-92F809CEBDC5>>12-08-2022 15:08:52.04812 SymOntoClay.Core.Internal.DataResolvers.LogicalSearchResolver EqualityCompare LOG expressionNode2 = Begin SymOntoClay.Core.Internal.CodeModel.LogicalQueryNode
    Kind = Concept
    KindOfOperator = Unknown
    Begin Name
        Begin SymOntoClay.Core.Internal.CodeModel.StrongIdentifierValue
            IsEmpty = False
            KindOfName = Concept
            NameValue = oblivion
            NormalizedNameValue = oblivion
            KindOfValue = StrongIdentifierValue
            HasModalitiesOrSections = False
            HasConditionalSections = False
            _longConditionalHashCode = 0
            _longHashCode = 1918942487
            Begin WhereSection
            End WhereSection
            Annotations = NULL
        End SymOntoClay.Core.Internal.CodeModel.StrongIdentifierValue
    End Name
    Left = NULL
    Right = NULL
    ParamsList = NULL
    LinkedVars = NULL
    Value = NULL
    FuzzyLogicNonNumericSequenceValue = NULL
    Fact = NULL
    IsQuestion = False
    CountParams = 0
    VarsInfoList = NULL
    KnownInfoList = NULL
    IsKeyRef = True
    IsEntityRef = False
    TypeOfAccess = Unknown
    Holder = NULL
    HasModalitiesOrSections = False
    HasConditionalSections = False
    _longConditionalHashCode = 0
    _longHashCode = 1918942487
    Begin WhereSection
    End WhereSection
    Annotations = NULL
End SymOntoClay.Core.Internal.CodeModel.LogicalQueryNode

#020ED339-6313-459A-900D-92F809CEBDC5>>12-08-2022 15:08:52.08799 SymOntoClay.Core.Internal.DataResolvers.LogicalSearchResolver Run LOG 1 = 1
12-08-2022 15:08:52.11460 TestSandbox.Handlers.GeneralStartHandler Run LOG |||||||||||||
|||||||||||||
System.NotImplementedException: The method or operation is not implemented.
   at SymOntoClay.Core.Internal.DataResolvers.LogicalSearchResolver.EqualityCompare(LogicalQueryNode expressionNode1, LogicalQueryNode expressionNode2, List`1 additionalKeys_1, List`1 additionalKeys_2, ReasonOfFuzzyLogicResolving reason, OptionsOfFillExecutingCard options, QueryExecutingCardForIndexedPersistLogicalData queryExecutingCard, ConsolidatedDataSource dataSource) in C:\Users\sergiy.tolkachov\source\repos\SymOntoClay\SymOntoClayCore\Internal\DataResolvers\LogicalSearchResolver.cs:line 4327
   at SymOntoClay.Core.Internal.DataResolvers.LogicalSearchResolver.CompareKnownInfoAndExpressionNode(QueryExecutingCardAboutKnownInfo knownInfo, LogicalQueryNode expressionNode, List`1 additionalKeys_1, List`1 additionalKeys_2, ReasonOfFuzzyLogicResolving reasonOfFuzzyLogicResolving, OptionsOfFillExecutingCard options, QueryExecutingCardForIndexedPersistLogicalData queryExecutingCard, ConsolidatedDataSource dataSource) in C:\Users\sergiy.tolkachov\source\repos\SymOntoClay\SymOntoClayCore\Internal\DataResolvers\LogicalSearchResolver.cs:line 3986
   at SymOntoClay.Core.Internal.DataResolvers.LogicalSearchResolver.FillExecutingCardForCallingFromRelationForFact(BaseRulePart processedExpr, QueryExecutingCardForIndexedPersistLogicalData queryExecutingCard, ConsolidatedDataSource dataSource, OptionsOfFillExecutingCard options) in C:\Users\sergiy.tolkachov\source\repos\SymOntoClay\SymOntoClayCore\Internal\DataResolvers\LogicalSearchResolver.cs:line 3594
   at SymOntoClay.Core.Internal.DataResolvers.LogicalSearchResolver.NFillExecutingCardForRelationLogicalQueryNode(LogicalQueryNode processedExpr, QueryExecutingCardForIndexedPersistLogicalData queryExecutingCard, ConsolidatedDataSource dataSource, OptionsOfFillExecutingCard options) in C:\Users\sergiy.tolkachov\source\repos\SymOntoClay\SymOntoClayCore\Internal\DataResolvers\LogicalSearchResolver.cs:line 1884
   at SymOntoClay.Core.Internal.DataResolvers.LogicalSearchResolver.FillExecutingCardForRelationLogicalQueryNode(LogicalQueryNode processedExpr, QueryExecutingCardForIndexedPersistLogicalData queryExecutingCard, ConsolidatedDataSource dataSource, OptionsOfFillExecutingCard options) in C:\Users\sergiy.tolkachov\source\repos\SymOntoClay\SymOntoClayCore\Internal\DataResolvers\LogicalSearchResolver.cs:line 1708
   at SymOntoClay.Core.Internal.DataResolvers.LogicalSearchResolver.FillExecutingCard(LogicalQueryNode processedExpr, QueryExecutingCardForIndexedPersistLogicalData queryExecutingCard, ConsolidatedDataSource dataSource, OptionsOfFillExecutingCard options) in C:\Users\sergiy.tolkachov\source\repos\SymOntoClay\SymOntoClayCore\Internal\DataResolvers\LogicalSearchResolver.cs:line 1601
   at SymOntoClay.Core.Internal.DataResolvers.LogicalSearchResolver.FillExecutingCardForAndOperatorLogicalQueryNode(LogicalQueryNode processedExpr, QueryExecutingCardForIndexedPersistLogicalData queryExecutingCard, ConsolidatedDataSource dataSource, OptionsOfFillExecutingCard options) in C:\Users\sergiy.tolkachov\source\repos\SymOntoClay\SymOntoClayCore\Internal\DataResolvers\LogicalSearchResolver.cs:line 2371
   at SymOntoClay.Core.Internal.DataResolvers.LogicalSearchResolver.FillExecutingCard(LogicalQueryNode processedExpr, QueryExecutingCardForIndexedPersistLogicalData queryExecutingCard, ConsolidatedDataSource dataSource, OptionsOfFillExecutingCard options) in C:\Users\sergiy.tolkachov\source\repos\SymOntoClay\SymOntoClayCore\Internal\DataResolvers\LogicalSearchResolver.cs:line 1608
   at SymOntoClay.Core.Internal.DataResolvers.LogicalSearchResolver.FillExecutingCardForCallingFromOtherPart(BaseRulePart processedExpr, QueryExecutingCardForIndexedPersistLogicalData queryExecutingCard, ConsolidatedDataSource dataSource, OptionsOfFillExecutingCard options) in C:\Users\sergiy.tolkachov\source\repos\SymOntoClay\SymOntoClayCore\Internal\DataResolvers\LogicalSearchResolver.cs:line 4281
   at SymOntoClay.Core.Internal.DataResolvers.LogicalSearchResolver.FillExecutingCardForCallingFromRelationForProduction(BaseRulePart processedExpr, QueryExecutingCardForIndexedPersistLogicalData queryExecutingCard, ConsolidatedDataSource dataSource, OptionsOfFillExecutingCard options) in C:\Users\sergiy.tolkachov\source\repos\SymOntoClay\SymOntoClayCore\Internal\DataResolvers\LogicalSearchResolver.cs:line 4119
   at SymOntoClay.Core.Internal.DataResolvers.LogicalSearchResolver.NFillExecutingCardForRelationLogicalQueryNode(LogicalQueryNode processedExpr, QueryExecutingCardForIndexedPersistLogicalData queryExecutingCard, ConsolidatedDataSource dataSource, OptionsOfFillExecutingCard options) in C:\Users\sergiy.tolkachov\source\repos\SymOntoClay\SymOntoClayCore\Internal\DataResolvers\LogicalSearchResolver.cs:line 1968
   at SymOntoClay.Core.Internal.DataResolvers.LogicalSearchResolver.FillExecutingCardForRelationLogicalQueryNode(LogicalQueryNode processedExpr, QueryExecutingCardForIndexedPersistLogicalData queryExecutingCard, ConsolidatedDataSource dataSource, OptionsOfFillExecutingCard options) in C:\Users\sergiy.tolkachov\source\repos\SymOntoClay\SymOntoClayCore\Internal\DataResolvers\LogicalSearchResolver.cs:line 1708
   at SymOntoClay.Core.Internal.DataResolvers.LogicalSearchResolver.FillExecutingCard(LogicalQueryNode processedExpr, QueryExecutingCardForIndexedPersistLogicalData queryExecutingCard, ConsolidatedDataSource dataSource, OptionsOfFillExecutingCard options) in C:\Users\sergiy.tolkachov\source\repos\SymOntoClay\SymOntoClayCore\Internal\DataResolvers\LogicalSearchResolver.cs:line 1601
   at SymOntoClay.Core.Internal.DataResolvers.LogicalSearchResolver.FillExecutingCard(PrimaryRulePart processedExpr, QueryExecutingCardForIndexedPersistLogicalData queryExecutingCard, ConsolidatedDataSource dataSource, OptionsOfFillExecutingCard options) in C:\Users\sergiy.tolkachov\source\repos\SymOntoClay\SymOntoClayCore\Internal\DataResolvers\LogicalSearchResolver.cs:line 386
   at SymOntoClay.Core.Internal.DataResolvers.LogicalSearchResolver.FillExecutingCard(RuleInstance processedExpr, QueryExecutingCardForIndexedPersistLogicalData queryExecutingCard, ConsolidatedDataSource dataSource, OptionsOfFillExecutingCard options) in C:\Users\sergiy.tolkachov\source\repos\SymOntoClay\SymOntoClayCore\Internal\DataResolvers\LogicalSearchResolver.cs:line 330
   at SymOntoClay.Core.Internal.DataResolvers.LogicalSearchResolver.Run(LogicalSearchOptions options) in C:\Users\sergiy.tolkachov\source\repos\SymOntoClay\SymOntoClayCore\Internal\DataResolvers\LogicalSearchResolver.cs:line 204
   at SymOntoClay.Core.Internal.StandardLibrary.Operators.CallLogicalQueryOperatorHandler.ProcessSelect(LogicalQueryOperationValue operand, Value annotation, LocalCodeExecutionContext localCodeExecutionContext) in C:\Users\sergiy.tolkachov\source\repos\SymOntoClay\SymOntoClayCore\Internal\StandardLibrary\Operators\CallLogicalQueryOperatorHandler.cs:line 134
   at SymOntoClay.Core.Internal.StandardLibrary.Operators.CallLogicalQueryOperatorHandler.Call(Value operand, Value annotation, LocalCodeExecutionContext localCodeExecutionContext) in C:\Users\sergiy.tolkachov\source\repos\SymOntoClay\SymOntoClayCore\Internal\StandardLibrary\Operators\CallLogicalQueryOperatorHandler.cs:line 80
   at SymOntoClay.Core.Internal.CodeExecution.UnaryOperatorSystemHandler.Call(IList`1 paramsList, LocalCodeExecutionContext localCodeExecutionContext) in C:\Users\sergiy.tolkachov\source\repos\SymOntoClay\SymOntoClayCore\Internal\CodeExecution\UnaryOperatorSystemHandler.cs:line 48
   at SymOntoClay.Core.Internal.CodeExecution.BaseThreadExecutor.CallExecutable(IExecutable executable, KindOfFunctionParameters kindOfParameters, Dictionary`2 namedParameters, List`1 positionedParameters, Boolean isSync) in C:\Users\sergiy.tolkachov\source\repos\SymOntoClay\SymOntoClayCore\Internal\CodeExecution\BaseThreadExecutor.cs:line 1357
   at SymOntoClay.Core.Internal.CodeExecution.BaseThreadExecutor.CallExecutable(IExecutable executable, List`1 positionedParameters) in C:\Users\sergiy.tolkachov\source\repos\SymOntoClay\SymOntoClayCore\Internal\CodeExecution\BaseThreadExecutor.cs:line 1332
   at SymOntoClay.Core.Internal.CodeExecution.BaseThreadExecutor.CallOperator(Operator op, List`1 positionedParameters) in C:\Users\sergiy.tolkachov\source\repos\SymOntoClay\SymOntoClayCore\Internal\CodeExecution\BaseThreadExecutor.cs:line 1327
   at SymOntoClay.Core.Internal.CodeExecution.BaseThreadExecutor.CommandLoop() in C:\Users\sergiy.tolkachov\source\repos\SymOntoClay\SymOntoClayCore\Internal\CodeExecution\BaseThreadExecutor.cs:line 402
#020ED339-6313-459A-900D-92F809CEBDC5>>12-08-2022 15:08:52.16672 SymOntoClay.Core.Internal.CodeExecution.BaseThreadExecutor CommandLoop ERROR System.NotImplementedException: The method or operation is not implemented.
   at SymOntoClay.Core.Internal.DataResolvers.LogicalSearchResolver.EqualityCompare(LogicalQueryNode expressionNode1, LogicalQueryNode expressionNode2, List`1 additionalKeys_1, List`1 additionalKeys_2, ReasonOfFuzzyLogicResolving reason, OptionsOfFillExecutingCard options, QueryExecutingCardForIndexedPersistLogicalData queryExecutingCard, ConsolidatedDataSource dataSource) in C:\Users\sergiy.tolkachov\source\repos\SymOntoClay\SymOntoClayCore\Internal\DataResolvers\LogicalSearchResolver.cs:line 4327
   at SymOntoClay.Core.Internal.DataResolvers.LogicalSearchResolver.CompareKnownInfoAndExpressionNode(QueryExecutingCardAboutKnownInfo knownInfo, LogicalQueryNode expressionNode, List`1 additionalKeys_1, List`1 additionalKeys_2, ReasonOfFuzzyLogicResolving reasonOfFuzzyLogicResolving, OptionsOfFillExecutingCard options, QueryExecutingCardForIndexedPersistLogicalData queryExecutingCard, ConsolidatedDataSource dataSource) in C:\Users\sergiy.tolkachov\source\repos\SymOntoClay\SymOntoClayCore\Internal\DataResolvers\LogicalSearchResolver.cs:line 3986
   at SymOntoClay.Core.Internal.DataResolvers.LogicalSearchResolver.FillExecutingCardForCallingFromRelationForFact(BaseRulePart processedExpr, QueryExecutingCardForIndexedPersistLogicalData queryExecutingCard, ConsolidatedDataSource dataSource, OptionsOfFillExecutingCard options) in C:\Users\sergiy.tolkachov\source\repos\SymOntoClay\SymOntoClayCore\Internal\DataResolvers\LogicalSearchResolver.cs:line 3594
   at SymOntoClay.Core.Internal.DataResolvers.LogicalSearchResolver.NFillExecutingCardForRelationLogicalQueryNode(LogicalQueryNode processedExpr, QueryExecutingCardForIndexedPersistLogicalData queryExecutingCard, ConsolidatedDataSource dataSource, OptionsOfFillExecutingCard options) in C:\Users\sergiy.tolkachov\source\repos\SymOntoClay\SymOntoClayCore\Internal\DataResolvers\LogicalSearchResolver.cs:line 1884
   at SymOntoClay.Core.Internal.DataResolvers.LogicalSearchResolver.FillExecutingCardForRelationLogicalQueryNode(LogicalQueryNode processedExpr, QueryExecutingCardForIndexedPersistLogicalData queryExecutingCard, ConsolidatedDataSource dataSource, OptionsOfFillExecutingCard options) in C:\Users\sergiy.tolkachov\source\repos\SymOntoClay\SymOntoClayCore\Internal\DataResolvers\LogicalSearchResolver.cs:line 1708
   at SymOntoClay.Core.Internal.DataResolvers.LogicalSearchResolver.FillExecutingCard(LogicalQueryNode processedExpr, QueryExecutingCardForIndexedPersistLogicalData queryExecutingCard, ConsolidatedDataSource dataSource, OptionsOfFillExecutingCard options) in C:\Users\sergiy.tolkachov\source\repos\SymOntoClay\SymOntoClayCore\Internal\DataResolvers\LogicalSearchResolver.cs:line 1601
   at SymOntoClay.Core.Internal.DataResolvers.LogicalSearchResolver.FillExecutingCardForAndOperatorLogicalQueryNode(LogicalQueryNode processedExpr, QueryExecutingCardForIndexedPersistLogicalData queryExecutingCard, ConsolidatedDataSource dataSource, OptionsOfFillExecutingCard options) in C:\Users\sergiy.tolkachov\source\repos\SymOntoClay\SymOntoClayCore\Internal\DataResolvers\LogicalSearchResolver.cs:line 2371
   at SymOntoClay.Core.Internal.DataResolvers.LogicalSearchResolver.FillExecutingCard(LogicalQueryNode processedExpr, QueryExecutingCardForIndexedPersistLogicalData queryExecutingCard, ConsolidatedDataSource dataSource, OptionsOfFillExecutingCard options) in C:\Users\sergiy.tolkachov\source\repos\SymOntoClay\SymOntoClayCore\Internal\DataResolvers\LogicalSearchResolver.cs:line 1608
   at SymOntoClay.Core.Internal.DataResolvers.LogicalSearchResolver.FillExecutingCardForCallingFromOtherPart(BaseRulePart processedExpr, QueryExecutingCardForIndexedPersistLogicalData queryExecutingCard, ConsolidatedDataSource dataSource, OptionsOfFillExecutingCard options) in C:\Users\sergiy.tolkachov\source\repos\SymOntoClay\SymOntoClayCore\Internal\DataResolvers\LogicalSearchResolver.cs:line 4281
   at SymOntoClay.Core.Internal.DataResolvers.LogicalSearchResolver.FillExecutingCardForCallingFromRelationForProduction(BaseRulePart processedExpr, QueryExecutingCardForIndexedPersistLogicalData queryExecutingCard, ConsolidatedDataSource dataSource, OptionsOfFillExecutingCard options) in C:\Users\sergiy.tolkachov\source\repos\SymOntoClay\SymOntoClayCore\Internal\DataResolvers\LogicalSearchResolver.cs:line 4119
   at SymOntoClay.Core.Internal.DataResolvers.LogicalSearchResolver.NFillExecutingCardForRelationLogicalQueryNode(LogicalQueryNode processedExpr, QueryExecutingCardForIndexedPersistLogicalData queryExecutingCard, ConsolidatedDataSource dataSource, OptionsOfFillExecutingCard options) in C:\Users\sergiy.tolkachov\source\repos\SymOntoClay\SymOntoClayCore\Internal\DataResolvers\LogicalSearchResolver.cs:line 1968
   at SymOntoClay.Core.Internal.DataResolvers.LogicalSearchResolver.FillExecutingCardForRelationLogicalQueryNode(LogicalQueryNode processedExpr, QueryExecutingCardForIndexedPersistLogicalData queryExecutingCard, ConsolidatedDataSource dataSource, OptionsOfFillExecutingCard options) in C:\Users\sergiy.tolkachov\source\repos\SymOntoClay\SymOntoClayCore\Internal\DataResolvers\LogicalSearchResolver.cs:line 1708
   at SymOntoClay.Core.Internal.DataResolvers.LogicalSearchResolver.FillExecutingCard(LogicalQueryNode processedExpr, QueryExecutingCardForIndexedPersistLogicalData queryExecutingCard, ConsolidatedDataSource dataSource, OptionsOfFillExecutingCard options) in C:\Users\sergiy.tolkachov\source\repos\SymOntoClay\SymOntoClayCore\Internal\DataResolvers\LogicalSearchResolver.cs:line 1601
   at SymOntoClay.Core.Internal.DataResolvers.LogicalSearchResolver.FillExecutingCard(PrimaryRulePart processedExpr, QueryExecutingCardForIndexedPersistLogicalData queryExecutingCard, ConsolidatedDataSource dataSource, OptionsOfFillExecutingCard options) in C:\Users\sergiy.tolkachov\source\repos\SymOntoClay\SymOntoClayCore\Internal\DataResolvers\LogicalSearchResolver.cs:line 386
   at SymOntoClay.Core.Internal.DataResolvers.LogicalSearchResolver.FillExecutingCard(RuleInstance processedExpr, QueryExecutingCardForIndexedPersistLogicalData queryExecutingCard, ConsolidatedDataSource dataSource, OptionsOfFillExecutingCard options) in C:\Users\sergiy.tolkachov\source\repos\SymOntoClay\SymOntoClayCore\Internal\DataResolvers\LogicalSearchResolver.cs:line 330
   at SymOntoClay.Core.Internal.DataResolvers.LogicalSearchResolver.Run(LogicalSearchOptions options) in C:\Users\sergiy.tolkachov\source\repos\SymOntoClay\SymOntoClayCore\Internal\DataResolvers\LogicalSearchResolver.cs:line 204
   at SymOntoClay.Core.Internal.StandardLibrary.Operators.CallLogicalQueryOperatorHandler.ProcessSelect(LogicalQueryOperationValue operand, Value annotation, LocalCodeExecutionContext localCodeExecutionContext) in C:\Users\sergiy.tolkachov\source\repos\SymOntoClay\SymOntoClayCore\Internal\StandardLibrary\Operators\CallLogicalQueryOperatorHandler.cs:line 134
   at SymOntoClay.Core.Internal.StandardLibrary.Operators.CallLogicalQueryOperatorHandler.Call(Value operand, Value annotation, LocalCodeExecutionContext localCodeExecutionContext) in C:\Users\sergiy.tolkachov\source\repos\SymOntoClay\SymOntoClayCore\Internal\StandardLibrary\Operators\CallLogicalQueryOperatorHandler.cs:line 80
   at SymOntoClay.Core.Internal.CodeExecution.UnaryOperatorSystemHandler.Call(IList`1 paramsList, LocalCodeExecutionContext localCodeExecutionContext) in C:\Users\sergiy.tolkachov\source\repos\SymOntoClay\SymOntoClayCore\Internal\CodeExecution\UnaryOperatorSystemHandler.cs:line 48
   at SymOntoClay.Core.Internal.CodeExecution.BaseThreadExecutor.CallExecutable(IExecutable executable, KindOfFunctionParameters kindOfParameters, Dictionary`2 namedParameters, List`1 positionedParameters, Boolean isSync) in C:\Users\sergiy.tolkachov\source\repos\SymOntoClay\SymOntoClayCore\Internal\CodeExecution\BaseThreadExecutor.cs:line 1357
   at SymOntoClay.Core.Internal.CodeExecution.BaseThreadExecutor.CallExecutable(IExecutable executable, List`1 positionedParameters) in C:\Users\sergiy.tolkachov\source\repos\SymOntoClay\SymOntoClayCore\Internal\CodeExecution\BaseThreadExecutor.cs:line 1332
   at SymOntoClay.Core.Internal.CodeExecution.BaseThreadExecutor.CallOperator(Operator op, List`1 positionedParameters) in C:\Users\sergiy.tolkachov\source\repos\SymOntoClay\SymOntoClayCore\Internal\CodeExecution\BaseThreadExecutor.cs:line 1327
   at SymOntoClay.Core.Internal.CodeExecution.BaseThreadExecutor.CommandLoop() in C:\Users\sergiy.tolkachov\source\repos\SymOntoClay\SymOntoClayCore\Internal\CodeExecution\BaseThreadExecutor.cs:line 402
